2015/12/16 15:26:19 [error] [php] htmlspecialchars() expects parameter 1 to be string, object given (F:\Trabajo\Facultad\Alarmas911\www\alarmas911\framework\web\helpers\CHtml.php:103)
Stack trace:
#0 F:\Trabajo\Facultad\Alarmas911\www\alarmas911\framework\web\helpers\CHtml.php(158): renderAttributes()
#1 F:\Trabajo\Facultad\Alarmas911\www\alarmas911\framework\web\helpers\CHtml.php(412): tag()
#2 F:\Trabajo\Facultad\Alarmas911\www\alarmas911\framework\zii\widgets\CMenu.php(248): link()
#3 F:\Trabajo\Facultad\Alarmas911\www\alarmas911\framework\zii\widgets\CMenu.php(216): CMenu->renderMenuItem()
#4 F:\Trabajo\Facultad\Alarmas911\www\alarmas911\framework\zii\widgets\CMenu.php(180): CMenu->renderMenuRecursive()
#5 F:\Trabajo\Facultad\Alarmas911\www\alarmas911\framework\zii\widgets\CMenu.php(167): CMenu->renderMenu()
#6 F:\Trabajo\Facultad\Alarmas911\www\alarmas911\framework\web\CBaseController.php(173): CMenu->run()
#7 F:\Trabajo\Facultad\Alarmas911\www\alarmas911\themes\shadow_dancer\views\layouts\column2.php(20): OrdenesServicioController->widget()
#8 F:\Trabajo\Facultad\Alarmas911\www\alarmas911\framework\web\CBaseController.php(126): require()
#9 F:\Trabajo\Facultad\Alarmas911\www\alarmas911\framework\web\CBaseController.php(95): OrdenesServicioController->renderInternal()
#10 F:\Trabajo\Facultad\Alarmas911\www\alarmas911\framework\web\CController.php(784): OrdenesServicioController->renderFile()
#11 F:\Trabajo\Facultad\Alarmas911\www\alarmas911\protected\controllers\OrdenesServicioController.php(334): OrdenesServicioController->render()
#12 unknown(0): OrdenesServicioController->actionVistaImpresion()
#13 F:\Trabajo\Facultad\Alarmas911\www\alarmas911\framework\web\actions\CAction.php(108): ReflectionMethod->invokeArgs()
#14 F:\Trabajo\Facultad\Alarmas911\www\alarmas911\framework\web\actions\CInlineAction.php(47): CInlineAction->runWithParamsInternal()
#15 F:\Trabajo\Facultad\Alarmas911\www\alarmas911\framework\web\CController.php(308): CInlineAction->runWithParams()
#16 F:\Trabajo\Facultad\Alarmas911\www\alarmas911\framework\web\filters\CFilterChain.php(133): OrdenesServicioController->runAction()
#17 F:\Trabajo\Facultad\Alarmas911\www\alarmas911\framework\web\filters\CFilter.php(40): CFilterChain->run()
#18 F:\Trabajo\Facultad\Alarmas911\www\alarmas911\framework\web\CController.php(1145): CAccessControlFilter->filter()
#19 F:\Trabajo\Facultad\Alarmas911\www\alarmas911\framework\web\filters\CInlineFilter.php(58): OrdenesServicioController->filterAccessControl()
#20 F:\Trabajo\Facultad\Alarmas911\www\alarmas911\framework\web\filters\CFilterChain.php(130): CInlineFilter->filter()
#21 F:\Trabajo\Facultad\Alarmas911\www\alarmas911\framework\web\CController.php(291): CFilterChain->run()
#22 F:\Trabajo\Facultad\Alarmas911\www\alarmas911\framework\web\CController.php(265): OrdenesServicioController->runActionWithFilters()
#23 F:\Trabajo\Facultad\Alarmas911\www\alarmas911\framework\web\CWebApplication.php(282): OrdenesServicioController->run()
#24 F:\Trabajo\Facultad\Alarmas911\www\alarmas911\framework\web\CWebApplication.php(141): CWebApplication->runController()
#25 F:\Trabajo\Facultad\Alarmas911\www\alarmas911\framework\base\CApplication.php(180): CWebApplication->processRequest()
#26 F:\Trabajo\Facultad\Alarmas911\www\alarmas911\index.php(13): CWebApplication->run()
REQUEST_URI=/alarmas911/index.php?r=ordenesServicio/vistaImpresion
in F:\Trabajo\Facultad\Alarmas911\www\alarmas911\themes\shadow_dancer\views\layouts\column2.php (20)
in F:\Trabajo\Facultad\Alarmas911\www\alarmas911\protected\controllers\OrdenesServicioController.php (334)
in F:\Trabajo\Facultad\Alarmas911\www\alarmas911\index.php (13)
2015/12/16 15:26:40 [error] [php] htmlspecialchars() expects parameter 1 to be string, object given (F:\Trabajo\Facultad\Alarmas911\www\alarmas911\framework\web\helpers\CHtml.php:103)
Stack trace:
#0 F:\Trabajo\Facultad\Alarmas911\www\alarmas911\framework\web\helpers\CHtml.php(158): renderAttributes()
#1 F:\Trabajo\Facultad\Alarmas911\www\alarmas911\framework\web\helpers\CHtml.php(412): tag()
#2 F:\Trabajo\Facultad\Alarmas911\www\alarmas911\framework\zii\widgets\CMenu.php(248): link()
#3 F:\Trabajo\Facultad\Alarmas911\www\alarmas911\framework\zii\widgets\CMenu.php(216): CMenu->renderMenuItem()
#4 F:\Trabajo\Facultad\Alarmas911\www\alarmas911\framework\zii\widgets\CMenu.php(180): CMenu->renderMenuRecursive()
#5 F:\Trabajo\Facultad\Alarmas911\www\alarmas911\framework\zii\widgets\CMenu.php(167): CMenu->renderMenu()
#6 F:\Trabajo\Facultad\Alarmas911\www\alarmas911\framework\web\CBaseController.php(173): CMenu->run()
#7 F:\Trabajo\Facultad\Alarmas911\www\alarmas911\themes\shadow_dancer\views\layouts\column2.php(20): OrdenesServicioController->widget()
#8 F:\Trabajo\Facultad\Alarmas911\www\alarmas911\framework\web\CBaseController.php(126): require()
#9 F:\Trabajo\Facultad\Alarmas911\www\alarmas911\framework\web\CBaseController.php(95): OrdenesServicioController->renderInternal()
#10 F:\Trabajo\Facultad\Alarmas911\www\alarmas911\framework\web\CController.php(784): OrdenesServicioController->renderFile()
#11 F:\Trabajo\Facultad\Alarmas911\www\alarmas911\protected\controllers\OrdenesServicioController.php(334): OrdenesServicioController->render()
#12 unknown(0): OrdenesServicioController->actionVistaImpresion()
#13 F:\Trabajo\Facultad\Alarmas911\www\alarmas911\framework\web\actions\CAction.php(108): ReflectionMethod->invokeArgs()
#14 F:\Trabajo\Facultad\Alarmas911\www\alarmas911\framework\web\actions\CInlineAction.php(47): CInlineAction->runWithParamsInternal()
#15 F:\Trabajo\Facultad\Alarmas911\www\alarmas911\framework\web\CController.php(308): CInlineAction->runWithParams()
#16 F:\Trabajo\Facultad\Alarmas911\www\alarmas911\framework\web\filters\CFilterChain.php(133): OrdenesServicioController->runAction()
#17 F:\Trabajo\Facultad\Alarmas911\www\alarmas911\framework\web\filters\CFilter.php(40): CFilterChain->run()
#18 F:\Trabajo\Facultad\Alarmas911\www\alarmas911\framework\web\CController.php(1145): CAccessControlFilter->filter()
#19 F:\Trabajo\Facultad\Alarmas911\www\alarmas911\framework\web\filters\CInlineFilter.php(58): OrdenesServicioController->filterAccessControl()
#20 F:\Trabajo\Facultad\Alarmas911\www\alarmas911\framework\web\filters\CFilterChain.php(130): CInlineFilter->filter()
#21 F:\Trabajo\Facultad\Alarmas911\www\alarmas911\framework\web\CController.php(291): CFilterChain->run()
#22 F:\Trabajo\Facultad\Alarmas911\www\alarmas911\framework\web\CController.php(265): OrdenesServicioController->runActionWithFilters()
#23 F:\Trabajo\Facultad\Alarmas911\www\alarmas911\framework\web\CWebApplication.php(282): OrdenesServicioController->run()
#24 F:\Trabajo\Facultad\Alarmas911\www\alarmas911\framework\web\CWebApplication.php(141): CWebApplication->runController()
#25 F:\Trabajo\Facultad\Alarmas911\www\alarmas911\framework\base\CApplication.php(180): CWebApplication->processRequest()
#26 F:\Trabajo\Facultad\Alarmas911\www\alarmas911\index.php(13): CWebApplication->run()
REQUEST_URI=/alarmas911/index.php?r=ordenesServicio/vistaImpresion
in F:\Trabajo\Facultad\Alarmas911\www\alarmas911\themes\shadow_dancer\views\layouts\column2.php (20)
in F:\Trabajo\Facultad\Alarmas911\www\alarmas911\protected\controllers\OrdenesServicioController.php (334)
in F:\Trabajo\Facultad\Alarmas911\www\alarmas911\index.php (13)
2015/12/16 15:26:43 [error] [php] htmlspecialchars() expects parameter 1 to be string, object given (F:\Trabajo\Facultad\Alarmas911\www\alarmas911\framework\web\helpers\CHtml.php:103)
Stack trace:
#0 F:\Trabajo\Facultad\Alarmas911\www\alarmas911\framework\web\helpers\CHtml.php(158): renderAttributes()
#1 F:\Trabajo\Facultad\Alarmas911\www\alarmas911\framework\web\helpers\CHtml.php(412): tag()
#2 F:\Trabajo\Facultad\Alarmas911\www\alarmas911\framework\zii\widgets\CMenu.php(248): link()
#3 F:\Trabajo\Facultad\Alarmas911\www\alarmas911\framework\zii\widgets\CMenu.php(216): CMenu->renderMenuItem()
#4 F:\Trabajo\Facultad\Alarmas911\www\alarmas911\framework\zii\widgets\CMenu.php(180): CMenu->renderMenuRecursive()
#5 F:\Trabajo\Facultad\Alarmas911\www\alarmas911\framework\zii\widgets\CMenu.php(167): CMenu->renderMenu()
#6 F:\Trabajo\Facultad\Alarmas911\www\alarmas911\framework\web\CBaseController.php(173): CMenu->run()
#7 F:\Trabajo\Facultad\Alarmas911\www\alarmas911\themes\shadow_dancer\views\layouts\column2.php(20): OrdenesServicioController->widget()
#8 F:\Trabajo\Facultad\Alarmas911\www\alarmas911\framework\web\CBaseController.php(126): require()
#9 F:\Trabajo\Facultad\Alarmas911\www\alarmas911\framework\web\CBaseController.php(95): OrdenesServicioController->renderInternal()
#10 F:\Trabajo\Facultad\Alarmas911\www\alarmas911\framework\web\CController.php(784): OrdenesServicioController->renderFile()
#11 F:\Trabajo\Facultad\Alarmas911\www\alarmas911\protected\controllers\OrdenesServicioController.php(334): OrdenesServicioController->render()
#12 unknown(0): OrdenesServicioController->actionVistaImpresion()
#13 F:\Trabajo\Facultad\Alarmas911\www\alarmas911\framework\web\actions\CAction.php(108): ReflectionMethod->invokeArgs()
#14 F:\Trabajo\Facultad\Alarmas911\www\alarmas911\framework\web\actions\CInlineAction.php(47): CInlineAction->runWithParamsInternal()
#15 F:\Trabajo\Facultad\Alarmas911\www\alarmas911\framework\web\CController.php(308): CInlineAction->runWithParams()
#16 F:\Trabajo\Facultad\Alarmas911\www\alarmas911\framework\web\filters\CFilterChain.php(133): OrdenesServicioController->runAction()
#17 F:\Trabajo\Facultad\Alarmas911\www\alarmas911\framework\web\filters\CFilter.php(40): CFilterChain->run()
#18 F:\Trabajo\Facultad\Alarmas911\www\alarmas911\framework\web\CController.php(1145): CAccessControlFilter->filter()
#19 F:\Trabajo\Facultad\Alarmas911\www\alarmas911\framework\web\filters\CInlineFilter.php(58): OrdenesServicioController->filterAccessControl()
#20 F:\Trabajo\Facultad\Alarmas911\www\alarmas911\framework\web\filters\CFilterChain.php(130): CInlineFilter->filter()
#21 F:\Trabajo\Facultad\Alarmas911\www\alarmas911\framework\web\CController.php(291): CFilterChain->run()
#22 F:\Trabajo\Facultad\Alarmas911\www\alarmas911\framework\web\CController.php(265): OrdenesServicioController->runActionWithFilters()
#23 F:\Trabajo\Facultad\Alarmas911\www\alarmas911\framework\web\CWebApplication.php(282): OrdenesServicioController->run()
#24 F:\Trabajo\Facultad\Alarmas911\www\alarmas911\framework\web\CWebApplication.php(141): CWebApplication->runController()
#25 F:\Trabajo\Facultad\Alarmas911\www\alarmas911\framework\base\CApplication.php(180): CWebApplication->processRequest()
#26 F:\Trabajo\Facultad\Alarmas911\www\alarmas911\index.php(13): CWebApplication->run()
REQUEST_URI=/alarmas911/index.php?r=ordenesServicio/vistaImpresion
in F:\Trabajo\Facultad\Alarmas911\www\alarmas911\themes\shadow_dancer\views\layouts\column2.php (20)
in F:\Trabajo\Facultad\Alarmas911\www\alarmas911\protected\controllers\OrdenesServicioController.php (334)
in F:\Trabajo\Facultad\Alarmas911\www\alarmas911\index.php (13)
